<?xml version="1.0" encoding="UTF-8"?>
<Site BuildName="Win32-mingw32-make"
	BuildStamp="20240304-0401-Experimental"
	Name="DESKTOP-9OJT1IC"
	Generator="ctest-3.29.0-rc2"
	CompilerName="C:/MinGW/bin/g++.exe"
	CompilerVersion=""
	OSName="Windows"
	Hostname="DESKTOP-9OJT1IC"
	OSRelease=" Professional"
	OSVersion=" (Build 19045)"
	OSPlatform="AMD64"
	Is64Bits="1"
	VendorString="AuthenticAMD"
	VendorID="Advanced Micro Devices"
	FamilyID="15"
	ModelID="1"
	ProcessorCacheSize="64"
	NumberOfLogicalCPU="16"
	NumberOfPhysicalCPU="8"
	TotalVirtualMemory="32697"
	TotalPhysicalMemory="16313"
	LogicalProcessorsPerPhysical="2"
	ProcessorClockFrequency="3593"
	>
	<Testing>
		<StartDateTime>Mar 03 22:22 Central Standard Time</StartDateTime>
		<StartTestTime>1709526151</StartTestTime>
		<TestList/>
		<EndDateTime>Mar 03 22:22 Central Standard Time</EndDateTime>
		<EndTestTime>1709526151</EndTestTime>
		<ElapsedMinutes>0</ElapsedMinutes>
	</Testing>
</Site>
